<?xml version="1.0" encoding="UTF-8"?>
<testng-results skipped="0" failed="1" ignored="0" total="1" passed="0">
  <reporter-output>
  </reporter-output>
  <suite name="Default suite" duration-ms="62829" started-at="2019-09-15T17:15:19Z" finished-at="2019-09-15T17:16:22Z">
    <groups>
    </groups>
    <test name="Default test" duration-ms="62829" started-at="2019-09-15T17:15:19Z" finished-at="2019-09-15T17:16:22Z">
      <class name="Mobile">
        <test-method status="PASS" signature="setUp()[pri:0, instance:Mobile@31a5c39e]" name="setUp" is-config="true" duration-ms="34666" started-at="2019-09-15T17:15:19Z" finished-at="2019-09-15T17:15:54Z">
          <reporter-output>
          </reporter-output>
        </test-method> <!-- setUp -->
        <test-method status="FAIL" signature="ingresar()[pri:0, instance:Mobile@31a5c39e]" name="ingresar" duration-ms="28117" started-at="2019-09-15T17:15:54Z" finished-at="2019-09-15T17:16:22Z">
          <exception class="org.openqa.selenium.NoSuchElementException">
            <message>
              <![CDATA[An element could not be located on the page using the given search parameters.
For documentation on this error, please visit: https://www.seleniumhq.org/exceptions/no_such_element.html
Build info: version: '3.141.59', revision: 'e82be7d358', time: '2018-11-14T08:25:48'
System info: host: 'DESKTOP-6LJ1RQB', ip: '192.168.1.62', os.name: 'Windows 10', os.arch: 'amd64', os.version: '10.0', java.version: '1.8.0_201'
Driver info: io.appium.java_client.android.AndroidDriver
Capabilities {appActivity: com.linkedin.android.authen..., appPackage: com.linkedin.android, automationName: uiautomator2, databaseEnabled: false, desired: {appActivity: com.linkedin.android.authen..., appPackage: com.linkedin.android, automationName: uiautomator2, deviceName: Android, noreset: true, platformName: android}, deviceApiLevel: 26, deviceManufacturer: HUAWEI, deviceModel: ANE-LX3, deviceName: 6NUDU18529004207, deviceScreenDensity: 480, deviceScreenSize: 1080x2280, deviceUDID: 6NUDU18529004207, javascriptEnabled: true, locationContextEnabled: false, networkConnectionEnabled: true, noreset: true, pixelRatio: 3, platform: LINUX, platformName: Android, platformVersion: 8.0.0, statBarHeight: 90, takesScreenshot: true, viewportRect: {height: 2060, left: 0, top: 90, width: 1080}, warnings: {}, webStorageEnabled: false}
Session ID: c107e5d8-d40b-4821-8b41-e708317bb063
*** Element info: {Using=id, value=com.linkedin.android:id/feed_recycler_view}]]>
            </message>
            <full-stacktrace>
              <![CDATA[org.openqa.selenium.NoSuchElementException: An element could not be located on the page using the given search parameters.
For documentation on this error, please visit: https://www.seleniumhq.org/exceptions/no_such_element.html
Build info: version: '3.141.59', revision: 'e82be7d358', time: '2018-11-14T08:25:48'
System info: host: 'DESKTOP-6LJ1RQB', ip: '192.168.1.62', os.name: 'Windows 10', os.arch: 'amd64', os.version: '10.0', java.version: '1.8.0_201'
Driver info: io.appium.java_client.android.AndroidDriver
Capabilities {appActivity: com.linkedin.android.authen..., appPackage: com.linkedin.android, automationName: uiautomator2, databaseEnabled: false, desired: {appActivity: com.linkedin.android.authen..., appPackage: com.linkedin.android, automationName: uiautomator2, deviceName: Android, noreset: true, platformName: android}, deviceApiLevel: 26, deviceManufacturer: HUAWEI, deviceModel: ANE-LX3, deviceName: 6NUDU18529004207, deviceScreenDensity: 480, deviceScreenSize: 1080x2280, deviceUDID: 6NUDU18529004207, javascriptEnabled: true, locationContextEnabled: false, networkConnectionEnabled: true, noreset: true, pixelRatio: 3, platform: LINUX, platformName: Android, platformVersion: 8.0.0, statBarHeight: 90, takesScreenshot: true, viewportRect: {height: 2060, left: 0, top: 90, width: 1080}, warnings: {}, webStorageEnabled: false}
Session ID: c107e5d8-d40b-4821-8b41-e708317bb063
*** Element info: {Using=id, value=com.linkedin.android:id/feed_recycler_view}
at sun.reflect.NativeConstructorAccessorImpl.newInstance0(Native Method)
at sun.reflect.NativeConstructorAccessorImpl.newInstance(Unknown Source)
at sun.reflect.DelegatingConstructorAccessorImpl.newInstance(Unknown Source)
at java.lang.reflect.Constructor.newInstance(Unknown Source)
at org.openqa.selenium.remote.http.W3CHttpResponseCodec.createException(W3CHttpResponseCodec.java:187)
at org.openqa.selenium.remote.http.W3CHttpResponseCodec.decode(W3CHttpResponseCodec.java:122)
at org.openqa.selenium.remote.http.W3CHttpResponseCodec.decode(W3CHttpResponseCodec.java:49)
at org.openqa.selenium.remote.HttpCommandExecutor.execute(HttpCommandExecutor.java:158)
at io.appium.java_client.remote.AppiumCommandExecutor.execute(AppiumCommandExecutor.java:239)
at org.openqa.selenium.remote.RemoteWebDriver.execute(RemoteWebDriver.java:552)
at io.appium.java_client.DefaultGenericMobileDriver.execute(DefaultGenericMobileDriver.java:42)
at io.appium.java_client.AppiumDriver.execute(AppiumDriver.java:1)
at io.appium.java_client.android.AndroidDriver.execute(AndroidDriver.java:1)
at org.openqa.selenium.remote.RemoteWebDriver.findElement(RemoteWebDriver.java:323)
at io.appium.java_client.DefaultGenericMobileDriver.findElement(DefaultGenericMobileDriver.java:62)
at io.appium.java_client.AppiumDriver.findElement(AppiumDriver.java:1)
at io.appium.java_client.android.AndroidDriver.findElement(AndroidDriver.java:1)
at org.openqa.selenium.remote.RemoteWebDriver.findElementById(RemoteWebDriver.java:372)
at io.appium.java_client.DefaultGenericMobileDriver.findElementById(DefaultGenericMobileDriver.java:70)
at io.appium.java_client.AppiumDriver.findElementById(AppiumDriver.java:1)
at io.appium.java_client.android.AndroidDriver.findElementById(AndroidDriver.java:1)
at Mobile.ingresar(Mobile.java:53)
at sun.reflect.NativeMethodAccessorImpl.invoke0(Native Method)
at sun.reflect.NativeMethodAccessorImpl.invoke(Unknown Source)
at sun.reflect.DelegatingMethodAccessorImpl.invoke(Unknown Source)
at java.lang.reflect.Method.invoke(Unknown Source)
at org.testng.internal.MethodInvocationHelper.invokeMethod(MethodInvocationHelper.java:124)
at org.testng.internal.Invoker.invokeMethod(Invoker.java:583)
at org.testng.internal.Invoker.invokeTestMethod(Invoker.java:719)
at org.testng.internal.Invoker.invokeTestMethods(Invoker.java:989)
at org.testng.internal.TestMethodWorker.invokeTestMethods(TestMethodWorker.java:125)
at org.testng.internal.TestMethodWorker.run(TestMethodWorker.java:109)
at org.testng.TestRunner.privateRun(TestRunner.java:648)
at org.testng.TestRunner.run(TestRunner.java:505)
at org.testng.SuiteRunner.runTest(SuiteRunner.java:455)
at org.testng.SuiteRunner.runSequentially(SuiteRunner.java:450)
at org.testng.SuiteRunner.privateRun(SuiteRunner.java:415)
at org.testng.SuiteRunner.run(SuiteRunner.java:364)
at org.testng.SuiteRunnerWorker.runSuite(SuiteRunnerWorker.java:52)
at org.testng.SuiteRunnerWorker.run(SuiteRunnerWorker.java:84)
at org.testng.TestNG.runSuitesSequentially(TestNG.java:1208)
at org.testng.TestNG.runSuitesLocally(TestNG.java:1137)
at org.testng.TestNG.runSuites(TestNG.java:1049)
at org.testng.TestNG.run(TestNG.java:1017)
at org.testng.remote.AbstractRemoteTestNG.run(AbstractRemoteTestNG.java:115)
at org.testng.remote.RemoteTestNG.initAndRun(RemoteTestNG.java:251)
at org.testng.remote.RemoteTestNG.main(RemoteTestNG.java:77)
]]>
            </full-stacktrace>
          </exception> <!-- org.openqa.selenium.NoSuchElementException -->
          <reporter-output>
          </reporter-output>
        </test-method> <!-- ingresar -->
      </class> <!-- Mobile -->
    </test> <!-- Default test -->
  </suite> <!-- Default suite -->
</testng-results>
